0 11000000000000000000000000000000000000
0 11100000000000000000000000000000000000
0 11111111110000000000000000000000000000
0 11100001011000000000000000000000000000
0 11100001010000000000000000000000000000
1 11111111111111111111111111111111111111
0 11100001010000000000000000000000000000
2 11111100000000000000000000000000000000
0 11100001010000000000000000000000000000
2 11011110000000000000000000000000000000
2 11011101111111111111000000000000000000
0 11000000000000000000000000000000000000
2 00000000000000000000100000000000000000
2 00000000000000000000010000000000000000
2 00000000000000000000001000000000000000
2 00000000000000000000001100000000000000
0 00000000000000000000000000001000000000
2 00000000000000000000000011000000000000
2 00000000000000000000000011100000000000
2 00000000000000000000000011110000000000
2 00000000000000000000000011111000000000
2 00000000000000000000000000000100000000
2 00000000000000000000000000000010000000
2 00000000000000000000000000000001000000
2 00000000000000000000000000000001100000
0 00000000000000000000000000000000000001
2 00000000000000000000000000000001010000
0 00000000000000000000000000000000000001
2 00000000000000000000000000000000001000
2 00000000000000000000000000000000000100
2 00000000000000000000000000000000000010
3 11111000000000000000000000000000000000
2 00000000000000000000000000000000000010
3 00000100000000000000000000000000000000
3 00000110000000000000000000000000000000
3 00000111000000000000000000000000000000
3 00000110000000000000000000000000000000
2 00000000000000000000000000000000000001
3 00000000100000000000000000000000000000
3 00000000010000000000000000000000000000
3 00000000001000000000000000000000000000
3 00000000000100000000000000000000000000
3 00000000000010000000000000000000000000
3 00000000000011000000000000000000000000
3 00000000000011100000000000000000000000
3 00000000000011111000000000000000000000
3 00000000000011100000000000000000000000
3 00000000000011100110000000000000000000
3 00000000000011100000000000000000000000
3 00000000000011100001110000000000000000
3 00000000000011100000000000000000000000
3 00000000000011000000000000000000000000
3 00000000000010000000000000000000000000
3 00000000000000000000001000000000000000
3 00000000000000000000001100000000000000
3 00000000000000000000001111111111000000
3 00000000000000000000001100000001000000
4 11111111111111111111111111000000000000
4 00000000000000000000000111100000000000
3 00000000000000000000001100000001000000
4 00000000000000000000000111011000000000
3 00000000000000000000001100000001000000
3 00000000000000000000001000000000000000
4 00000000000000000000000000000100000000
4 00000000000000000000000000000110000000
4 00000000000000000000000000000111000000
3 00000000000000000000000000000000000110
4 00000000000000000000000000000110110000
3 00000000000000000000000000000000000110
4 00000000000000000000000000000000001100
4 00000000000000000000000000000000001111
4 00000000000000000000000000000000001100
4 00000000000000000000000000000000000100
5 11000000000000000000000000000000000000
5 11100000000000000000000000000000000000
5 11111111111000000000000000000000000000
5 11100000001000000000000000000000000000
5 11100000001100000000000000000000000000
5 11100000001000000000000000000000000000
5 11100000001010000000000000000000000000
6 11111111111111111111111111111111111100
5 11100000001000000000000000000000000000
6 00000000000000000000000000000001011110
7 11111111111111111111000000000000000000
7 00000000000000000000100000000000000000
7 00000000000000000000111111000000000000
7 00000000000000000000111111111111000000
5 00000000000000000000000000000011111100
7 00000000000000000000111111000000100000
5 00000000000000000000000000000011111100
7 00000000000000000000111111000000010000
7 00000000000000000000111111000000001000
5 00000000000000000000000000000011111100
5 00000000000000000000000000000010000100
5 00000000000000000000000000000010000000
7 00000000000000000000000000000000000110
7 00000000000000000000000000000000000111
7 00000000000000000000000000000000000110
8 10000000000000000000000000000000000000
8 01000000000000000000000000000000000000
8 00100000000000000000000000000000000000
8 00110000000000000000000000000000000000
8 00111111000000000000000000000000000000
8 00110000111100000000000000000000000000
8 00110000000000000000000000000000000000
8 00100000000000000000000000000000000000
8 00100000000011100000000000000000000000
8 00100000000011111000000000000000000000
8 00100000000011100000000000000000000000
8 00100000000011100110000000000000000000
8 00100000000011100000000000000000000000
8 00100000000000000000000000000000000000
8 00100000000000000001000000000000000000
8 00100000000000000001100000000000000000
8 00100000000000000001000000000000000000
8 00100000000000000001010000000000000000
8 00100000000000000001000000000000000000
8 00100000000000000001001000000000000000
8 00100000000000000001000000000000000000
8 00100000000000000001000100000000000000
8 00100000000000000001000000000000000000
8 00100000000000000000000000000000000000
8 00000000000000000000000011000000000000
8 00000000000000000000000011110000000000
8 00000000000000000000000011000000000000
8 00000000000000000000000011001100000000
8 00000000000000000000000011000000000000
8 00000000000000000000000001000000000000
8 00000000000000000000000001000010000000
8 00000000000000000000000001000000000000
8 00000000000000000000000001000001110000
8 00000000000000000000000001000000000000
8 00000000000000000000000000000000001100
8 00000000000000000000000000000000001110
8 00000000000000000000000000000000001111
8 00000000000000000000000000000000001110
9 11110000000000000000000000000000000000
8 00000000000000000000000000000000001110
9 01111000000000000000000000000000000000
8 00000000000000000000000000000000001110
9 01110111000000000000000000000000000000
8 00000000000000000000000000000000001110
9 00000000100000000000000000000000000000
9 00000000110000000000000000000000000000
9 00000000111000000000000000000000000000
9 00000000110000000000000000000000000000
9 00000000110100000000000000000000000000
9 00000000110000000000000000000000000000
9 00000000110010000000000000000000000000
9 00000000110000000000000000000000000000
9 00000000110001000000000000000000000000
9 00000000100000000000000000000000000000
9 00000000100000100000000000000000000000
9 00000000100000000000000000000000000000
9 00000000100000010000000000000000000000
9 00000000100000000000000000000000000000
9 00000000100000001100000000000000000000
9 00000000100000000000000000000000000000
9 00000000000000000010000000000000000000
9 00000000000000000011111111000000000000
9 00000000000000000010000000000000000000
9 00000000000000000000000000110000000000
9 00000000000000000000000000111100000000
9 00000000000000000000000000111111000000
9 00000000000000000000000000111100000000
9 00000000000000000000000000110000000000
9 00000000000000000000000000000000110000
9 00000000000000000000000000000000111000
9 00000000000000000000000000000000111111
9 00000000000000000000000000000000110000
10 10000000000000000000000000000000000000
10 11000000000000000000000000000000000000
10 10000000000000000000000000000000000000
10 10110000000000000000000000000000000000
10 10000000000000000000000000000000000000
10 00001000000000000000000000000000000000
10 00001111111111111110000000000000000000
10 00001000000000000110000000000000000000
10 00001000000000000111000000000000000000
10 00001000000000000110000000000000000000
10 00001000000000000110100000000000000000
10 00001000000000000110000000000000000000
10 00001000000000000110011000000000000000
10 00001000000000000110000000000000000000
10 00001000000000000110000100000000000000
10 00001000000000000110000000000000000000
10 00001000000000000110000011100000000000
10 00001000000000000110000000000000000000
10 00001000000000000110000000010000000000
10 00001000000000000110000000000000000000
10 00001000000000000110000000001111110000
10 00001000000000000110000000000000000000
10 00001000000000000110000000000000001111
10 00001000000000000110000000000000000000
10 00001000000000000010000000000000000000
10 00001000000000000000000000000000000000
11 10000000000000000000000000000000000000
11 11000000000000000000000000000000000000
11 11100000000000000000000000000000000000
11 11000000000000000000000000000000000000
11 11011100000000000000000000000000000000
11 11000000000000000000000000000000000000
11 11000010000000000000000000000000000000
11 11000011110000000000000000000000000000
11 11000010000000000000000000000000000000
11 11000010001000000000000000000000000000
11 11000010000000000000000000000000000000
11 11000000000000000000000000000000000000
11 10000000000000000000000000000000000000
11 10000000000100000000000000000000000000
11 10000000000110000000000000000000000000
11 10000000000100000000000000000000000000
11 10000000000101000000000000000000000000
11 10000000000100000000000000000000000000
11 10000000000100100000000000000000000000
11 10000000000100000000000000000000000000
11 10000000000100010000000000000000000000
11 10000000000100000000000000000000000000
11 10000000000100001000000000000000000000
11 10000000000100001100000000000000000000
11 10000000000100001000000000000000000000
11 10000000000100001010000000000000000000
11 10000000000100001000000000000000000000
11 10000000000000000000000000000000000000
11 00000000000000000001110000000000000000
11 00000000000000000001111111000000000000
11 00000000000000000001111111100000000000
11 00000000000000000001111111000000000000
11 00000000000000000001111111011100000000
11 00000000000000000001111111000000000000
11 00000000000000000001110000000000000000
11 00000000000000000001010000000000000000
11 00000000000000000001010000000010000000
11 00000000000000000001010000000011000000
11 00000000000000000001010000000010000000
11 00000000000000000001010000000000000000
11 00000000000000000001010000000000100000
11 00000000000000000001010000000000111111
12 11111111111100000000000000000000000000
11 00000000000000000001010000000000111111
12 00001111111111100000000000000000000000
11 00000000000000000001010000000000111111
11 00000000000000000001010000000000000000
12 00000000000000010000000000000000000000
12 00000000000000001000000000000000000000
12 00000000000000001100000000000000000000
12 00000000000000001000000000000000000000
12 00000000000000000010000000000000000000
12 00000000000000000011000000000000000000
12 00000000000000000010000000000000000000
12 00000000000000000010100000000000000000
12 00000000000000000010000000000000000000
12 00000000000000000010010000000000000000
12 00000000000000000010000000000000000000
12 00000000000000000000001110000000000000
12 00000000000000000000001111111111111100
12 00000000000000000000001110000000001100
12 00000000000000000000001110000000001111
12 00000000000000000000001110000000001100
13 11111111111111111111111111111110000000
13 00000000000000000000000000111111000000
12 00000000000000000000001110000000001100
14 11111111111100000000000000000000000000
12 00000000000000000000001110000000001100
14 00000001111110000000000000000000000000
14 00000001111101100000000000000000000000
12 00000000000000000000001110000000000100
12 00000000000000000000001110000000000000
14 00000000000000010000000000000000000000
14 00000000000000011110000000000000000000
13 00000000000000000000000000000000000100
14 00000000000000000001100000000000000000
14 00000000000000000001110000000000000000
13 00000000000000000000000000000000000011
14 00000000000000000001101000000000000000
13 00000000000000000000000000000000000011
14 00000000000000000000000100000000000000
14 00000000000000000000000111000000000000
14 00000000000000000000000111100000000000
14 00000000000000000000000111000000000000
14 00000000000000000000000111010000000000
14 00000000000000000000000111000000000000
14 00000000000000000000000111001100000000
14 00000000000000000000000111000000000000
14 00000000000000000000000000000011100000
14 00000000000000000000000000000011110000
14 00000000000000000000000000000011111000
14 00000000000000000000000000000011110000
14 00000000000000000000000000000011110100
14 00000000000000000000000000000011110000
14 00000000000000000000000000000000000011
15 11110000000000000000000000000000000000
14 00000000000000000000000000000000000011
15 01011110000000000000000000000000000000
14 00000000000000000000000000000000000011
15 01010001000000000000000000000000000000
15 01010001100000000000000000000000000000
15 01010001000000000000000000000000000000
15 01010001011000000000000000000000000000
15 01010001000000000000000000000000000000
15 00000000000100000000000000000000000000
15 00000000000111100000000000000000000000
15 00000000000111111111111000000000000000
15 00000000000111100000000000000000000000
15 00000000000100000000000100000000000000
15 00000000000100000000000111110000000000
15 00000000000100000000000100000000000000
15 00000000000100000000000100001000000000
15 00000000000100000000000100001111000000
15 00000000000100000000000000000000000000
15 00000000000000000000000000000000110000
15 00000000000000000000000000000000111110
15 00000000000000000000000000000000110011
15 00000000000000000000000000000000110010
16 11111111111111111000000000000000000000
15 00000000000000000000000000000000110010
16 00000000000001011100000000000000000000
15 00000000000000000000000000000000110000
16 00000000000001001010000000000000000000
16 00000000000001001011111100000000000000
16 00000000000001001010111100000000000000
17 11111111111111111111111110000000000000
16 00000000000001001010111100000000000000
15 00000000000000000000000000000000110000
